{"C:\\Users\\malic\\Documents\\Dev\\cloudformation-lambda-ddb-example-api\\index.js": {"path":"C:\\Users\\malic\\Documents\\Dev\\cloudformation-lambda-ddb-example-api\\index.js","statementMap":{"0":{"start":{"line":4,"column":15},"end":{"line":4,"column":69}},"1":{"start":{"line":5,"column":18},"end":{"line":5,"column":53}},"2":{"start":{"line":6,"column":18},"end":{"line":6,"column":52}},"3":{"start":{"line":8,"column":0},"end":{"line":73,"column":2}},"4":{"start":{"line":9,"column":2},"end":{"line":9,"column":65}},"5":{"start":{"line":10,"column":17},"end":{"line":15,"column":3}},"6":{"start":{"line":17,"column":15},"end":{"line":17,"column":36}},"7":{"start":{"line":18,"column":17},"end":{"line":18,"column":33}},"8":{"start":{"line":19,"column":16},"end":{"line":19,"column":20}},"9":{"start":{"line":21,"column":2},"end":{"line":68,"column":3}},"10":{"start":{"line":25,"column":6},"end":{"line":62,"column":7}},"11":{"start":{"line":28,"column":10},"end":{"line":29,"column":92}},"12":{"start":{"line":29,"column":12},"end":{"line":29,"column":92}},"13":{"start":{"line":31,"column":10},"end":{"line":34,"column":13}},"14":{"start":{"line":36,"column":22},"end":{"line":36,"column":51}},"15":{"start":{"line":37,"column":10},"end":{"line":37,"column":26}},"16":{"start":{"line":38,"column":10},"end":{"line":38,"column":16}},"17":{"start":{"line":41,"column":24},"end":{"line":41,"column":57}},"18":{"start":{"line":43,"column":10},"end":{"line":44,"column":99}},"19":{"start":{"line":44,"column":12},"end":{"line":44,"column":99}},"20":{"start":{"line":46,"column":10},"end":{"line":54,"column":13}},"21":{"start":{"line":56,"column":25},"end":{"line":56,"column":54}},"22":{"start":{"line":57,"column":10},"end":{"line":57,"column":29}},"23":{"start":{"line":58,"column":10},"end":{"line":58,"column":16}},"24":{"start":{"line":61,"column":10},"end":{"line":61,"column":75}},"25":{"start":{"line":64,"column":6},"end":{"line":64,"column":12}},"26":{"start":{"line":67,"column":6},"end":{"line":67,"column":12}},"27":{"start":{"line":70,"column":2},"end":{"line":70,"column":29}},"28":{"start":{"line":71,"column":2},"end":{"line":71,"column":23}},"29":{"start":{"line":72,"column":2},"end":{"line":72,"column":18}}},"fnMap":{"0":{"name":"(anonymous_0)","decl":{"start":{"line":8,"column":25},"end":{"line":8,"column":26}},"loc":{"start":{"line":8,"column":42},"end":{"line":73,"column":1}},"line":8}},"branchMap":{"0":{"loc":{"start":{"line":21,"column":2},"end":{"line":68,"column":3}},"type":"switch","locations":[{"start":{"line":24,"column":4},"end":{"line":64,"column":12}},{"start":{"line":66,"column":4},"end":{"line":67,"column":12}}],"line":21},"1":{"loc":{"start":{"line":25,"column":6},"end":{"line":62,"column":7}},"type":"switch","locations":[{"start":{"line":27,"column":8},"end":{"line":38,"column":16}},{"start":{"line":40,"column":8},"end":{"line":58,"column":16}},{"start":{"line":60,"column":8},"end":{"line":61,"column":75}}],"line":25},"2":{"loc":{"start":{"line":28,"column":10},"end":{"line":29,"column":92}},"type":"if","locations":[{"start":{"line":28,"column":10},"end":{"line":29,"column":92}},{"start":{},"end":{}}],"line":28},"3":{"loc":{"start":{"line":43,"column":10},"end":{"line":44,"column":99}},"type":"if","locations":[{"start":{"line":43,"column":10},"end":{"line":44,"column":99}},{"start":{},"end":{}}],"line":43}},"s":{"0":1,"1":1,"2":1,"3":1,"4":2,"5":2,"6":2,"7":2,"8":2,"9":2,"10":2,"11":2,"12":1,"13":1,"14":1,"15":1,"16":1,"17":0,"18":0,"19":0,"20":0,"21":0,"22":0,"23":0,"24":0,"25":1,"26":0,"27":1,"28":1,"29":1},"f":{"0":2},"b":{"0":[2,0],"1":[2,0,0],"2":[1,1],"3":[0,0]},"_coverageSchema":"1a1c01bbd47fc00a2c39e90264f33305004495a9","hash":"837d72acad1f8fed53a217a9ed11af5f7ef6993b"}
}
